<?xml version="1.0" encoding="UTF-8"?>
<testng-results ignored="0" total="1" passed="1" failed="0" skipped="0">
  <reporter-output>
  </reporter-output>
  <suite started-at="2021-01-22T22:41:14 IST" name="Default suite" finished-at="2021-01-22T22:41:20 IST" duration-ms="6108">
    <groups>
    </groups>
    <test started-at="2021-01-22T22:41:14 IST" name="Default test" finished-at="2021-01-22T22:41:20 IST" duration-ms="6108">
      <class name="extentreport">
        <test-method is-config="true" signature="setUpTest()[pri:0, instance:extentreport@57a3af25]" started-at="2021-01-22T22:41:04 IST" name="setUpTest" finished-at="2021-01-22T22:41:14 IST" duration-ms="9047" status="PASS">
          <reporter-output>
          </reporter-output>
        </test-method> <!-- setUpTest -->
        <test-method signature="flipkartAutomationTest1()[pri:0, instance:extentreport@57a3af25]" started-at="2021-01-22T22:41:14 IST" name="flipkartAutomationTest1" finished-at="2021-01-22T22:41:18 IST" duration-ms="4239" status="PASS">
          <reporter-output>
          </reporter-output>
        </test-method> <!-- flipkartAutomationTest1 -->
        <test-method is-config="true" signature="tearDownTest()[pri:0, instance:extentreport@57a3af25]" started-at="2021-01-22T22:41:18 IST" name="tearDownTest" finished-at="2021-01-22T22:41:20 IST" duration-ms="1816" status="PASS">
          <reporter-output>
          </reporter-output>
        </test-method> <!-- tearDownTest -->
        <test-method is-config="true" signature="tearDown()[pri:0, instance:extentreport@57a3af25]" started-at="2021-01-22T22:41:20 IST" name="tearDown" finished-at="2021-01-22T22:41:20 IST" duration-ms="622" status="PASS">
          <reporter-output>
          </reporter-output>
        </test-method> <!-- tearDown -->
      </class> <!-- extentreport -->
    </test> <!-- Default test -->
  </suite> <!-- Default suite -->
</testng-results>
